
{
    "level": "error",
    "message": "Server error",
    "method": "POST",
    "stack": "Error: Server error\n    at filterJobs (C:\\Nogency\\Job Tracker\\Backend\\controllers\\job.control.js:116:15)\n    at Layer.handle [as handle_request] (C:\\Nogency\\Job Tracker\\Backend\\node_modules\\express\\lib\\router\\layer.js:95:5)\n    at next (C:\\Nogency\\Job Tracker\\Backend\\node_modules\\express\\lib\\router\\route.js:149:13)\n    at Route.dispatch (C:\\Nogency\\Job Tracker\\Backend\\node_modules\\express\\lib\\router\\route.js:119:3)\n    at Layer.handle [as handle_request] (C:\\Nogency\\Job Tracker\\Backend\\node_modules\\express\\lib\\router\\layer.js:95:5)\n    at C:\\Nogency\\Job Tracker\\Backend\\node_modules\\express\\lib\\router\\index.js:284:15\n    at Function.process_params (C:\\Nogency\\Job Tracker\\Backend\\node_modules\\express\\lib\\router\\index.js:346:12)\n    at next (C:\\Nogency\\Job Tracker\\Backend\\node_modules\\express\\lib\\router\\index.js:280:10)\n    at Function.handle (C:\\Nogency\\Job Tracker\\Backend\\node_modules\\express\\lib\\router\\index.js:175:3)\n    at router (C:\\Nogency\\Job Tracker\\Backend\\node_modules\\express\\lib\\router\\index.js:47:12)",
    "status": 500,
    "timestamp": "2024-12-03T11:13:54.973Z",
    "url": "/api/job/fliter_jobs"
}

{
    "level": "error",
    "message": "Server error",
    "method": "POST",
    "stack": "Error: Server error\n    at filterJobs (C:\\Nogency\\Job Tracker\\Backend\\controllers\\job.control.js:116:15)\n    at Layer.handle [as handle_request] (C:\\Nogency\\Job Tracker\\Backend\\node_modules\\express\\lib\\router\\layer.js:95:5)\n    at next (C:\\Nogency\\Job Tracker\\Backend\\node_modules\\express\\lib\\router\\route.js:149:13)\n    at Route.dispatch (C:\\Nogency\\Job Tracker\\Backend\\node_modules\\express\\lib\\router\\route.js:119:3)\n    at Layer.handle [as handle_request] (C:\\Nogency\\Job Tracker\\Backend\\node_modules\\express\\lib\\router\\layer.js:95:5)\n    at C:\\Nogency\\Job Tracker\\Backend\\node_modules\\express\\lib\\router\\index.js:284:15\n    at Function.process_params (C:\\Nogency\\Job Tracker\\Backend\\node_modules\\express\\lib\\router\\index.js:346:12)\n    at next (C:\\Nogency\\Job Tracker\\Backend\\node_modules\\express\\lib\\router\\index.js:280:10)\n    at Function.handle (C:\\Nogency\\Job Tracker\\Backend\\node_modules\\express\\lib\\router\\index.js:175:3)\n    at router (C:\\Nogency\\Job Tracker\\Backend\\node_modules\\express\\lib\\router\\index.js:47:12)",
    "status": 500,
    "timestamp": "2024-12-03T11:15:09.196Z",
    "url": "/api/job/fliter_jobs"
}

{
    "level": "error",
    "message": "Server error",
    "method": "POST",
    "stack": "Error: Server error\n    at filterJobs (C:\\Nogency\\Job Tracker\\Backend\\controllers\\job.control.js:116:15)\n    at Layer.handle [as handle_request] (C:\\Nogency\\Job Tracker\\Backend\\node_modules\\express\\lib\\router\\layer.js:95:5)\n    at next (C:\\Nogency\\Job Tracker\\Backend\\node_modules\\express\\lib\\router\\route.js:149:13)\n    at Route.dispatch (C:\\Nogency\\Job Tracker\\Backend\\node_modules\\express\\lib\\router\\route.js:119:3)\n    at Layer.handle [as handle_request] (C:\\Nogency\\Job Tracker\\Backend\\node_modules\\express\\lib\\router\\layer.js:95:5)\n    at C:\\Nogency\\Job Tracker\\Backend\\node_modules\\express\\lib\\router\\index.js:284:15\n    at Function.process_params (C:\\Nogency\\Job Tracker\\Backend\\node_modules\\express\\lib\\router\\index.js:346:12)\n    at next (C:\\Nogency\\Job Tracker\\Backend\\node_modules\\express\\lib\\router\\index.js:280:10)\n    at Function.handle (C:\\Nogency\\Job Tracker\\Backend\\node_modules\\express\\lib\\router\\index.js:175:3)\n    at router (C:\\Nogency\\Job Tracker\\Backend\\node_modules\\express\\lib\\router\\index.js:47:12)",
    "status": 500,
    "timestamp": "2024-12-03T11:16:52.363Z",
    "url": "/api/job/fliter_jobs"
}

{
    "level": "error",
    "message": "Server error",
    "method": "POST",
    "stack": "Error: Server error\n    at filterJobs (C:\\Nogency\\Job Tracker\\Backend\\controllers\\job.control.js:116:15)\n    at Layer.handle [as handle_request] (C:\\Nogency\\Job Tracker\\Backend\\node_modules\\express\\lib\\router\\layer.js:95:5)\n    at next (C:\\Nogency\\Job Tracker\\Backend\\node_modules\\express\\lib\\router\\route.js:149:13)\n    at Route.dispatch (C:\\Nogency\\Job Tracker\\Backend\\node_modules\\express\\lib\\router\\route.js:119:3)\n    at Layer.handle [as handle_request] (C:\\Nogency\\Job Tracker\\Backend\\node_modules\\express\\lib\\router\\layer.js:95:5)\n    at C:\\Nogency\\Job Tracker\\Backend\\node_modules\\express\\lib\\router\\index.js:284:15\n    at Function.process_params (C:\\Nogency\\Job Tracker\\Backend\\node_modules\\express\\lib\\router\\index.js:346:12)\n    at next (C:\\Nogency\\Job Tracker\\Backend\\node_modules\\express\\lib\\router\\index.js:280:10)\n    at Function.handle (C:\\Nogency\\Job Tracker\\Backend\\node_modules\\express\\lib\\router\\index.js:175:3)\n    at router (C:\\Nogency\\Job Tracker\\Backend\\node_modules\\express\\lib\\router\\index.js:47:12)",
    "status": 500,
    "timestamp": "2024-12-03T11:17:23.475Z",
    "url": "/api/job/fliter_jobs"
}

{
    "level": "error",
    "message": "Server error",
    "method": "POST",
    "stack": "Error: Server error\n    at filterJobs (C:\\Nogency\\Job Tracker\\Backend\\controllers\\job.control.js:116:15)\n    at Layer.handle [as handle_request] (C:\\Nogency\\Job Tracker\\Backend\\node_modules\\express\\lib\\router\\layer.js:95:5)\n    at next (C:\\Nogency\\Job Tracker\\Backend\\node_modules\\express\\lib\\router\\route.js:149:13)\n    at Route.dispatch (C:\\Nogency\\Job Tracker\\Backend\\node_modules\\express\\lib\\router\\route.js:119:3)\n    at Layer.handle [as handle_request] (C:\\Nogency\\Job Tracker\\Backend\\node_modules\\express\\lib\\router\\layer.js:95:5)\n    at C:\\Nogency\\Job Tracker\\Backend\\node_modules\\express\\lib\\router\\index.js:284:15\n    at Function.process_params (C:\\Nogency\\Job Tracker\\Backend\\node_modules\\express\\lib\\router\\index.js:346:12)\n    at next (C:\\Nogency\\Job Tracker\\Backend\\node_modules\\express\\lib\\router\\index.js:280:10)\n    at Function.handle (C:\\Nogency\\Job Tracker\\Backend\\node_modules\\express\\lib\\router\\index.js:175:3)\n    at router (C:\\Nogency\\Job Tracker\\Backend\\node_modules\\express\\lib\\router\\index.js:47:12)",
    "status": 500,
    "timestamp": "2024-12-03T11:17:29.470Z",
    "url": "/api/job/fliter_jobs"
}

{
    "level": "error",
    "message": "Server error",
    "method": "POST",
    "stack": "Error: Server error\n    at filterJobs (C:\\Nogency\\Job Tracker\\Backend\\controllers\\job.control.js:116:15)\n    at Layer.handle [as handle_request] (C:\\Nogency\\Job Tracker\\Backend\\node_modules\\express\\lib\\router\\layer.js:95:5)\n    at next (C:\\Nogency\\Job Tracker\\Backend\\node_modules\\express\\lib\\router\\route.js:149:13)\n    at Route.dispatch (C:\\Nogency\\Job Tracker\\Backend\\node_modules\\express\\lib\\router\\route.js:119:3)\n    at Layer.handle [as handle_request] (C:\\Nogency\\Job Tracker\\Backend\\node_modules\\express\\lib\\router\\layer.js:95:5)\n    at C:\\Nogency\\Job Tracker\\Backend\\node_modules\\express\\lib\\router\\index.js:284:15\n    at Function.process_params (C:\\Nogency\\Job Tracker\\Backend\\node_modules\\express\\lib\\router\\index.js:346:12)\n    at next (C:\\Nogency\\Job Tracker\\Backend\\node_modules\\express\\lib\\router\\index.js:280:10)\n    at Function.handle (C:\\Nogency\\Job Tracker\\Backend\\node_modules\\express\\lib\\router\\index.js:175:3)\n    at router (C:\\Nogency\\Job Tracker\\Backend\\node_modules\\express\\lib\\router\\index.js:47:12)",
    "status": 500,
    "timestamp": "2024-12-03T11:36:02.911Z",
    "url": "/api/job/fliter_jobs"
}

{
    "level": "error",
    "message": "Server error",
    "method": "POST",
    "stack": "Error: Server error\n    at filterJobs (C:\\Nogency\\Job Tracker\\Backend\\controllers\\job.control.js:116:15)\n    at Layer.handle [as handle_request] (C:\\Nogency\\Job Tracker\\Backend\\node_modules\\express\\lib\\router\\layer.js:95:5)\n    at next (C:\\Nogency\\Job Tracker\\Backend\\node_modules\\express\\lib\\router\\route.js:149:13)\n    at Route.dispatch (C:\\Nogency\\Job Tracker\\Backend\\node_modules\\express\\lib\\router\\route.js:119:3)\n    at Layer.handle [as handle_request] (C:\\Nogency\\Job Tracker\\Backend\\node_modules\\express\\lib\\router\\layer.js:95:5)\n    at C:\\Nogency\\Job Tracker\\Backend\\node_modules\\express\\lib\\router\\index.js:284:15\n    at Function.process_params (C:\\Nogency\\Job Tracker\\Backend\\node_modules\\express\\lib\\router\\index.js:346:12)\n    at next (C:\\Nogency\\Job Tracker\\Backend\\node_modules\\express\\lib\\router\\index.js:280:10)\n    at Function.handle (C:\\Nogency\\Job Tracker\\Backend\\node_modules\\express\\lib\\router\\index.js:175:3)\n    at router (C:\\Nogency\\Job Tracker\\Backend\\node_modules\\express\\lib\\router\\index.js:47:12)",
    "status": 500,
    "timestamp": "2024-12-04T06:34:27.411Z",
    "url": "/api/job/fliter_jobs"
}

{
    "level": "error",
    "message": "Server error",
    "method": "POST",
    "stack": "Error: Server error\n    at filterJobs (C:\\Nogency\\Job Tracker\\Backend\\controllers\\job.control.js:116:15)\n    at Layer.handle [as handle_request] (C:\\Nogency\\Job Tracker\\Backend\\node_modules\\express\\lib\\router\\layer.js:95:5)\n    at next (C:\\Nogency\\Job Tracker\\Backend\\node_modules\\express\\lib\\router\\route.js:149:13)\n    at Route.dispatch (C:\\Nogency\\Job Tracker\\Backend\\node_modules\\express\\lib\\router\\route.js:119:3)\n    at Layer.handle [as handle_request] (C:\\Nogency\\Job Tracker\\Backend\\node_modules\\express\\lib\\router\\layer.js:95:5)\n    at C:\\Nogency\\Job Tracker\\Backend\\node_modules\\express\\lib\\router\\index.js:284:15\n    at Function.process_params (C:\\Nogency\\Job Tracker\\Backend\\node_modules\\express\\lib\\router\\index.js:346:12)\n    at next (C:\\Nogency\\Job Tracker\\Backend\\node_modules\\express\\lib\\router\\index.js:280:10)\n    at Function.handle (C:\\Nogency\\Job Tracker\\Backend\\node_modules\\express\\lib\\router\\index.js:175:3)\n    at router (C:\\Nogency\\Job Tracker\\Backend\\node_modules\\express\\lib\\router\\index.js:47:12)",
    "status": 500,
    "timestamp": "2024-12-04T06:34:53.523Z",
    "url": "/api/job/fliter_jobs"
}

{
    "level": "error",
    "message": "Server error",
    "method": "POST",
    "stack": "Error: Server error\n    at filterJobs (C:\\Nogency\\Job Tracker\\Backend\\controllers\\job.control.js:116:15)\n    at Layer.handle [as handle_request] (C:\\Nogency\\Job Tracker\\Backend\\node_modules\\express\\lib\\router\\layer.js:95:5)\n    at next (C:\\Nogency\\Job Tracker\\Backend\\node_modules\\express\\lib\\router\\route.js:149:13)\n    at Route.dispatch (C:\\Nogency\\Job Tracker\\Backend\\node_modules\\express\\lib\\router\\route.js:119:3)\n    at Layer.handle [as handle_request] (C:\\Nogency\\Job Tracker\\Backend\\node_modules\\express\\lib\\router\\layer.js:95:5)\n    at C:\\Nogency\\Job Tracker\\Backend\\node_modules\\express\\lib\\router\\index.js:284:15\n    at Function.process_params (C:\\Nogency\\Job Tracker\\Backend\\node_modules\\express\\lib\\router\\index.js:346:12)\n    at next (C:\\Nogency\\Job Tracker\\Backend\\node_modules\\express\\lib\\router\\index.js:280:10)\n    at Function.handle (C:\\Nogency\\Job Tracker\\Backend\\node_modules\\express\\lib\\router\\index.js:175:3)\n    at router (C:\\Nogency\\Job Tracker\\Backend\\node_modules\\express\\lib\\router\\index.js:47:12)",
    "status": 500,
    "timestamp": "2024-12-04T06:34:56.585Z",
    "url": "/api/job/fliter_jobs"
}

{
    "level": "error",
    "message": "Server error",
    "method": "POST",
    "stack": "Error: Server error\n    at filterJobs (C:\\Nogency\\Job Tracker\\Backend\\controllers\\job.control.js:116:15)\n    at Layer.handle [as handle_request] (C:\\Nogency\\Job Tracker\\Backend\\node_modules\\express\\lib\\router\\layer.js:95:5)\n    at next (C:\\Nogency\\Job Tracker\\Backend\\node_modules\\express\\lib\\router\\route.js:149:13)\n    at Route.dispatch (C:\\Nogency\\Job Tracker\\Backend\\node_modules\\express\\lib\\router\\route.js:119:3)\n    at Layer.handle [as handle_request] (C:\\Nogency\\Job Tracker\\Backend\\node_modules\\express\\lib\\router\\layer.js:95:5)\n    at C:\\Nogency\\Job Tracker\\Backend\\node_modules\\express\\lib\\router\\index.js:284:15\n    at Function.process_params (C:\\Nogency\\Job Tracker\\Backend\\node_modules\\express\\lib\\router\\index.js:346:12)\n    at next (C:\\Nogency\\Job Tracker\\Backend\\node_modules\\express\\lib\\router\\index.js:280:10)\n    at Function.handle (C:\\Nogency\\Job Tracker\\Backend\\node_modules\\express\\lib\\router\\index.js:175:3)\n    at router (C:\\Nogency\\Job Tracker\\Backend\\node_modules\\express\\lib\\router\\index.js:47:12)",
    "status": 500,
    "timestamp": "2024-12-04T06:34:58.054Z",
    "url": "/api/job/fliter_jobs"
}

{
    "level": "error",
    "message": "Server error",
    "method": "POST",
    "stack": "Error: Server error\n    at filterJobs (C:\\Nogency\\Job Tracker\\Backend\\controllers\\job.control.js:116:15)\n    at Layer.handle [as handle_request] (C:\\Nogency\\Job Tracker\\Backend\\node_modules\\express\\lib\\router\\layer.js:95:5)\n    at next (C:\\Nogency\\Job Tracker\\Backend\\node_modules\\express\\lib\\router\\route.js:149:13)\n    at Route.dispatch (C:\\Nogency\\Job Tracker\\Backend\\node_modules\\express\\lib\\router\\route.js:119:3)\n    at Layer.handle [as handle_request] (C:\\Nogency\\Job Tracker\\Backend\\node_modules\\express\\lib\\router\\layer.js:95:5)\n    at C:\\Nogency\\Job Tracker\\Backend\\node_modules\\express\\lib\\router\\index.js:284:15\n    at Function.process_params (C:\\Nogency\\Job Tracker\\Backend\\node_modules\\express\\lib\\router\\index.js:346:12)\n    at next (C:\\Nogency\\Job Tracker\\Backend\\node_modules\\express\\lib\\router\\index.js:280:10)\n    at Function.handle (C:\\Nogency\\Job Tracker\\Backend\\node_modules\\express\\lib\\router\\index.js:175:3)\n    at router (C:\\Nogency\\Job Tracker\\Backend\\node_modules\\express\\lib\\router\\index.js:47:12)",
    "status": 500,
    "timestamp": "2024-12-04T06:35:10.826Z",
    "url": "/api/job/fliter_jobs"
}

{
    "level": "error",
    "message": "Server error",
    "method": "POST",
    "stack": "Error: Server error\n    at filterJobs (C:\\Nogency\\Job Tracker\\Backend\\controllers\\job.control.js:116:15)\n    at Layer.handle [as handle_request] (C:\\Nogency\\Job Tracker\\Backend\\node_modules\\express\\lib\\router\\layer.js:95:5)\n    at next (C:\\Nogency\\Job Tracker\\Backend\\node_modules\\express\\lib\\router\\route.js:149:13)\n    at Route.dispatch (C:\\Nogency\\Job Tracker\\Backend\\node_modules\\express\\lib\\router\\route.js:119:3)\n    at Layer.handle [as handle_request] (C:\\Nogency\\Job Tracker\\Backend\\node_modules\\express\\lib\\router\\layer.js:95:5)\n    at C:\\Nogency\\Job Tracker\\Backend\\node_modules\\express\\lib\\router\\index.js:284:15\n    at Function.process_params (C:\\Nogency\\Job Tracker\\Backend\\node_modules\\express\\lib\\router\\index.js:346:12)\n    at next (C:\\Nogency\\Job Tracker\\Backend\\node_modules\\express\\lib\\router\\index.js:280:10)\n    at Function.handle (C:\\Nogency\\Job Tracker\\Backend\\node_modules\\express\\lib\\router\\index.js:175:3)\n    at router (C:\\Nogency\\Job Tracker\\Backend\\node_modules\\express\\lib\\router\\index.js:47:12)",
    "status": 500,
    "timestamp": "2024-12-04T06:35:15.286Z",
    "url": "/api/job/fliter_jobs"
}

{
    "level": "error",
    "message": "Server error",
    "method": "POST",
    "stack": "Error: Server error\n    at filterJobs (C:\\Nogency\\Job Tracker\\Backend\\controllers\\job.control.js:116:15)\n    at Layer.handle [as handle_request] (C:\\Nogency\\Job Tracker\\Backend\\node_modules\\express\\lib\\router\\layer.js:95:5)\n    at next (C:\\Nogency\\Job Tracker\\Backend\\node_modules\\express\\lib\\router\\route.js:149:13)\n    at Route.dispatch (C:\\Nogency\\Job Tracker\\Backend\\node_modules\\express\\lib\\router\\route.js:119:3)\n    at Layer.handle [as handle_request] (C:\\Nogency\\Job Tracker\\Backend\\node_modules\\express\\lib\\router\\layer.js:95:5)\n    at C:\\Nogency\\Job Tracker\\Backend\\node_modules\\express\\lib\\router\\index.js:284:15\n    at Function.process_params (C:\\Nogency\\Job Tracker\\Backend\\node_modules\\express\\lib\\router\\index.js:346:12)\n    at next (C:\\Nogency\\Job Tracker\\Backend\\node_modules\\express\\lib\\router\\index.js:280:10)\n    at Function.handle (C:\\Nogency\\Job Tracker\\Backend\\node_modules\\express\\lib\\router\\index.js:175:3)\n    at router (C:\\Nogency\\Job Tracker\\Backend\\node_modules\\express\\lib\\router\\index.js:47:12)",
    "status": 500,
    "timestamp": "2024-12-04T06:35:17.959Z",
    "url": "/api/job/fliter_jobs"
}

{
    "level": "error",
    "message": "Server error",
    "method": "POST",
    "stack": "Error: Server error\n    at filterJobs (C:\\Nogency\\Job Tracker\\Backend\\controllers\\job.control.js:116:15)\n    at Layer.handle [as handle_request] (C:\\Nogency\\Job Tracker\\Backend\\node_modules\\express\\lib\\router\\layer.js:95:5)\n    at next (C:\\Nogency\\Job Tracker\\Backend\\node_modules\\express\\lib\\router\\route.js:149:13)\n    at Route.dispatch (C:\\Nogency\\Job Tracker\\Backend\\node_modules\\express\\lib\\router\\route.js:119:3)\n    at Layer.handle [as handle_request] (C:\\Nogency\\Job Tracker\\Backend\\node_modules\\express\\lib\\router\\layer.js:95:5)\n    at C:\\Nogency\\Job Tracker\\Backend\\node_modules\\express\\lib\\router\\index.js:284:15\n    at Function.process_params (C:\\Nogency\\Job Tracker\\Backend\\node_modules\\express\\lib\\router\\index.js:346:12)\n    at next (C:\\Nogency\\Job Tracker\\Backend\\node_modules\\express\\lib\\router\\index.js:280:10)\n    at Function.handle (C:\\Nogency\\Job Tracker\\Backend\\node_modules\\express\\lib\\router\\index.js:175:3)\n    at router (C:\\Nogency\\Job Tracker\\Backend\\node_modules\\express\\lib\\router\\index.js:47:12)",
    "status": 500,
    "timestamp": "2024-12-04T06:36:04.900Z",
    "url": "/api/job/fliter_jobs"
}

{
    "level": "error",
    "message": "Server error",
    "method": "POST",
    "stack": "Error: Server error\n    at filterJobs (C:\\Nogency\\Job Tracker\\Backend\\controllers\\job.control.js:116:15)\n    at Layer.handle [as handle_request] (C:\\Nogency\\Job Tracker\\Backend\\node_modules\\express\\lib\\router\\layer.js:95:5)\n    at next (C:\\Nogency\\Job Tracker\\Backend\\node_modules\\express\\lib\\router\\route.js:149:13)\n    at Route.dispatch (C:\\Nogency\\Job Tracker\\Backend\\node_modules\\express\\lib\\router\\route.js:119:3)\n    at Layer.handle [as handle_request] (C:\\Nogency\\Job Tracker\\Backend\\node_modules\\express\\lib\\router\\layer.js:95:5)\n    at C:\\Nogency\\Job Tracker\\Backend\\node_modules\\express\\lib\\router\\index.js:284:15\n    at Function.process_params (C:\\Nogency\\Job Tracker\\Backend\\node_modules\\express\\lib\\router\\index.js:346:12)\n    at next (C:\\Nogency\\Job Tracker\\Backend\\node_modules\\express\\lib\\router\\index.js:280:10)\n    at Function.handle (C:\\Nogency\\Job Tracker\\Backend\\node_modules\\express\\lib\\router\\index.js:175:3)\n    at router (C:\\Nogency\\Job Tracker\\Backend\\node_modules\\express\\lib\\router\\index.js:47:12)",
    "status": 500,
    "timestamp": "2024-12-04T06:36:30.649Z",
    "url": "/api/job/fliter_jobs"
}

{
    "level": "error",
    "message": "Server error",
    "method": "POST",
    "stack": "Error: Server error\n    at filterJobs (C:\\Nogency\\Job Tracker\\Backend\\controllers\\job.control.js:116:15)\n    at Layer.handle [as handle_request] (C:\\Nogency\\Job Tracker\\Backend\\node_modules\\express\\lib\\router\\layer.js:95:5)\n    at next (C:\\Nogency\\Job Tracker\\Backend\\node_modules\\express\\lib\\router\\route.js:149:13)\n    at Route.dispatch (C:\\Nogency\\Job Tracker\\Backend\\node_modules\\express\\lib\\router\\route.js:119:3)\n    at Layer.handle [as handle_request] (C:\\Nogency\\Job Tracker\\Backend\\node_modules\\express\\lib\\router\\layer.js:95:5)\n    at C:\\Nogency\\Job Tracker\\Backend\\node_modules\\express\\lib\\router\\index.js:284:15\n    at Function.process_params (C:\\Nogency\\Job Tracker\\Backend\\node_modules\\express\\lib\\router\\index.js:346:12)\n    at next (C:\\Nogency\\Job Tracker\\Backend\\node_modules\\express\\lib\\router\\index.js:280:10)\n    at Function.handle (C:\\Nogency\\Job Tracker\\Backend\\node_modules\\express\\lib\\router\\index.js:175:3)\n    at router (C:\\Nogency\\Job Tracker\\Backend\\node_modules\\express\\lib\\router\\index.js:47:12)",
    "status": 500,
    "timestamp": "2024-12-04T06:37:36.089Z",
    "url": "/api/job/fliter_jobs"
}

{
    "level": "error",
    "message": "Server error",
    "method": "POST",
    "stack": "Error: Server error\n    at filterJobs (C:\\Nogency\\Job Tracker\\Backend\\controllers\\job.control.js:116:15)\n    at Layer.handle [as handle_request] (C:\\Nogency\\Job Tracker\\Backend\\node_modules\\express\\lib\\router\\layer.js:95:5)\n    at next (C:\\Nogency\\Job Tracker\\Backend\\node_modules\\express\\lib\\router\\route.js:149:13)\n    at Route.dispatch (C:\\Nogency\\Job Tracker\\Backend\\node_modules\\express\\lib\\router\\route.js:119:3)\n    at Layer.handle [as handle_request] (C:\\Nogency\\Job Tracker\\Backend\\node_modules\\express\\lib\\router\\layer.js:95:5)\n    at C:\\Nogency\\Job Tracker\\Backend\\node_modules\\express\\lib\\router\\index.js:284:15\n    at Function.process_params (C:\\Nogency\\Job Tracker\\Backend\\node_modules\\express\\lib\\router\\index.js:346:12)\n    at next (C:\\Nogency\\Job Tracker\\Backend\\node_modules\\express\\lib\\router\\index.js:280:10)\n    at Function.handle (C:\\Nogency\\Job Tracker\\Backend\\node_modules\\express\\lib\\router\\index.js:175:3)\n    at router (C:\\Nogency\\Job Tracker\\Backend\\node_modules\\express\\lib\\router\\index.js:47:12)",
    "status": 500,
    "timestamp": "2024-12-04T06:37:38.018Z",
    "url": "/api/job/fliter_jobs"
}

{
    "level": "error",
    "message": "Server error",
    "method": "POST",
    "stack": "Error: Server error\n    at filterJobs (C:\\Nogency\\Job Tracker\\Backend\\controllers\\job.control.js:116:15)\n    at Layer.handle [as handle_request] (C:\\Nogency\\Job Tracker\\Backend\\node_modules\\express\\lib\\router\\layer.js:95:5)\n    at next (C:\\Nogency\\Job Tracker\\Backend\\node_modules\\express\\lib\\router\\route.js:149:13)\n    at Route.dispatch (C:\\Nogency\\Job Tracker\\Backend\\node_modules\\express\\lib\\router\\route.js:119:3)\n    at Layer.handle [as handle_request] (C:\\Nogency\\Job Tracker\\Backend\\node_modules\\express\\lib\\router\\layer.js:95:5)\n    at C:\\Nogency\\Job Tracker\\Backend\\node_modules\\express\\lib\\router\\index.js:284:15\n    at Function.process_params (C:\\Nogency\\Job Tracker\\Backend\\node_modules\\express\\lib\\router\\index.js:346:12)\n    at next (C:\\Nogency\\Job Tracker\\Backend\\node_modules\\express\\lib\\router\\index.js:280:10)\n    at Function.handle (C:\\Nogency\\Job Tracker\\Backend\\node_modules\\express\\lib\\router\\index.js:175:3)\n    at router (C:\\Nogency\\Job Tracker\\Backend\\node_modules\\express\\lib\\router\\index.js:47:12)",
    "status": 500,
    "timestamp": "2024-12-04T06:37:39.122Z",
    "url": "/api/job/fliter_jobs"
}

{
    "level": "error",
    "message": "Server error",
    "method": "POST",
    "stack": "Error: Server error\n    at filterJobs (C:\\Nogency\\Job Tracker\\Backend\\controllers\\job.control.js:116:15)\n    at Layer.handle [as handle_request] (C:\\Nogency\\Job Tracker\\Backend\\node_modules\\express\\lib\\router\\layer.js:95:5)\n    at next (C:\\Nogency\\Job Tracker\\Backend\\node_modules\\express\\lib\\router\\route.js:149:13)\n    at Route.dispatch (C:\\Nogency\\Job Tracker\\Backend\\node_modules\\express\\lib\\router\\route.js:119:3)\n    at Layer.handle [as handle_request] (C:\\Nogency\\Job Tracker\\Backend\\node_modules\\express\\lib\\router\\layer.js:95:5)\n    at C:\\Nogency\\Job Tracker\\Backend\\node_modules\\express\\lib\\router\\index.js:284:15\n    at Function.process_params (C:\\Nogency\\Job Tracker\\Backend\\node_modules\\express\\lib\\router\\index.js:346:12)\n    at next (C:\\Nogency\\Job Tracker\\Backend\\node_modules\\express\\lib\\router\\index.js:280:10)\n    at Function.handle (C:\\Nogency\\Job Tracker\\Backend\\node_modules\\express\\lib\\router\\index.js:175:3)\n    at router (C:\\Nogency\\Job Tracker\\Backend\\node_modules\\express\\lib\\router\\index.js:47:12)",
    "status": 500,
    "timestamp": "2024-12-04T06:37:51.646Z",
    "url": "/api/job/fliter_jobs"
}

{
    "level": "error",
    "message": "Server error",
    "method": "POST",
    "stack": "Error: Server error\n    at filterJobs (C:\\Nogency\\Job Tracker\\Backend\\controllers\\job.control.js:116:15)\n    at Layer.handle [as handle_request] (C:\\Nogency\\Job Tracker\\Backend\\node_modules\\express\\lib\\router\\layer.js:95:5)\n    at next (C:\\Nogency\\Job Tracker\\Backend\\node_modules\\express\\lib\\router\\route.js:149:13)\n    at Route.dispatch (C:\\Nogency\\Job Tracker\\Backend\\node_modules\\express\\lib\\router\\route.js:119:3)\n    at Layer.handle [as handle_request] (C:\\Nogency\\Job Tracker\\Backend\\node_modules\\express\\lib\\router\\layer.js:95:5)\n    at C:\\Nogency\\Job Tracker\\Backend\\node_modules\\express\\lib\\router\\index.js:284:15\n    at Function.process_params (C:\\Nogency\\Job Tracker\\Backend\\node_modules\\express\\lib\\router\\index.js:346:12)\n    at next (C:\\Nogency\\Job Tracker\\Backend\\node_modules\\express\\lib\\router\\index.js:280:10)\n    at Function.handle (C:\\Nogency\\Job Tracker\\Backend\\node_modules\\express\\lib\\router\\index.js:175:3)\n    at router (C:\\Nogency\\Job Tracker\\Backend\\node_modules\\express\\lib\\router\\index.js:47:12)",
    "status": 500,
    "timestamp": "2024-12-04T06:38:22.944Z",
    "url": "/api/job/fliter_jobs"
}

{
    "level": "error",
    "message": "Server error",
    "method": "POST",
    "stack": "Error: Server error\n    at filterJobs (C:\\Nogency\\Job Tracker\\Backend\\controllers\\job.control.js:116:15)\n    at Layer.handle [as handle_request] (C:\\Nogency\\Job Tracker\\Backend\\node_modules\\express\\lib\\router\\layer.js:95:5)\n    at next (C:\\Nogency\\Job Tracker\\Backend\\node_modules\\express\\lib\\router\\route.js:149:13)\n    at Route.dispatch (C:\\Nogency\\Job Tracker\\Backend\\node_modules\\express\\lib\\router\\route.js:119:3)\n    at Layer.handle [as handle_request] (C:\\Nogency\\Job Tracker\\Backend\\node_modules\\express\\lib\\router\\layer.js:95:5)\n    at C:\\Nogency\\Job Tracker\\Backend\\node_modules\\express\\lib\\router\\index.js:284:15\n    at Function.process_params (C:\\Nogency\\Job Tracker\\Backend\\node_modules\\express\\lib\\router\\index.js:346:12)\n    at next (C:\\Nogency\\Job Tracker\\Backend\\node_modules\\express\\lib\\router\\index.js:280:10)\n    at Function.handle (C:\\Nogency\\Job Tracker\\Backend\\node_modules\\express\\lib\\router\\index.js:175:3)\n    at router (C:\\Nogency\\Job Tracker\\Backend\\node_modules\\express\\lib\\router\\index.js:47:12)",
    "status": 500,
    "timestamp": "2024-12-04T06:38:43.679Z",
    "url": "/api/job/fliter_jobs"
}

{
    "level": "error",
    "message": "Server error",
    "method": "POST",
    "stack": "Error: Server error\n    at filterJobs (C:\\Nogency\\Job Tracker\\Backend\\controllers\\job.control.js:116:15)\n    at Layer.handle [as handle_request] (C:\\Nogency\\Job Tracker\\Backend\\node_modules\\express\\lib\\router\\layer.js:95:5)\n    at next (C:\\Nogency\\Job Tracker\\Backend\\node_modules\\express\\lib\\router\\route.js:149:13)\n    at Route.dispatch (C:\\Nogency\\Job Tracker\\Backend\\node_modules\\express\\lib\\router\\route.js:119:3)\n    at Layer.handle [as handle_request] (C:\\Nogency\\Job Tracker\\Backend\\node_modules\\express\\lib\\router\\layer.js:95:5)\n    at C:\\Nogency\\Job Tracker\\Backend\\node_modules\\express\\lib\\router\\index.js:284:15\n    at Function.process_params (C:\\Nogency\\Job Tracker\\Backend\\node_modules\\express\\lib\\router\\index.js:346:12)\n    at next (C:\\Nogency\\Job Tracker\\Backend\\node_modules\\express\\lib\\router\\index.js:280:10)\n    at Function.handle (C:\\Nogency\\Job Tracker\\Backend\\node_modules\\express\\lib\\router\\index.js:175:3)\n    at router (C:\\Nogency\\Job Tracker\\Backend\\node_modules\\express\\lib\\router\\index.js:47:12)",
    "status": 500,
    "timestamp": "2024-12-04T06:38:56.279Z",
    "url": "/api/job/fliter_jobs"
}
